C:\USERS\USER\DOCUMENTS\GITHUB\GEOS\GEOS\CONSOLE\RELEASE\CONSOLE.PCH
C:\USERS\USER\DOCUMENTS\GITHUB\GEOS\GEOS\CONSOLE\RELEASE\STDAFX.OBJ
C:\USERS\USER\DOCUMENTS\GITHUB\GEOS\GEOS\CONSOLE\RELEASE\VC110.PDB
C:\USERS\USER\DOCUMENTS\GITHUB\GEOS\GEOS\CONSOLE\RELEASE\CONSOLE.OBJ
C:\USERS\USER\DOCUMENTS\GITHUB\GEOS\GEOS\CONSOLE\RELEASE\ASSEMBLYINFO.OBJ
C:\USERS\USER\DOCUMENTS\GITHUB\GEOS\GEOS\CONSOLE\RELEASE\.NETFRAMEWORK,VERSION=V4.5.ASSEMBLYATTRIBUTES.OBJ
C:\Users\User\Documents\GitHub\Geos\Geos\Release\Console.lib
C:\Users\User\Documents\GitHub\Geos\Geos\Release\Console.exp
C:\USERS\USER\DOCUMENTS\GITHUB\GEOS\GEOS\RELEASE\CONSOLE.EXE
C:\USERS\USER\DOCUMENTS\GITHUB\GEOS\GEOS\RELEASE\CONSOLE.PDB
C:\USERS\USER\DOCUMENTS\GITHUB\GEOS\GEOS\CONSOLE\RELEASE\APP.RES
C:\Users\User\Documents\GitHub\Geos\Geos\Console\Release\Console.vcxprojResolveAssemblyReference.cache
C:\Users\User\Documents\GitHub\Geos\Geos\Console\Release\.NETFramework,Version=v4.5.AssemblyAttributes.obj
C:\Users\User\Documents\GitHub\Geos\Geos\Console\Release\AssemblyInfo.obj
C:\Users\User\Documents\GitHub\Geos\Geos\Console\Release\Console.obj
C:\Users\User\Documents\GitHub\Geos\Geos\Console\Release\stdafx.obj
C:\Users\User\Documents\GitHub\Geos\Geos\Console\Release\cl.command.1.tlog
C:\Users\User\Documents\GitHub\Geos\Geos\Console\Release\CL.read.1.tlog
C:\Users\User\Documents\GitHub\Geos\Geos\Console\Release\CL.write.1.tlog
C:\Users\User\Documents\GitHub\Geos\Geos\Console\Release\Console.write.1.tlog
C:\Users\User\Documents\GitHub\Geos\Geos\Console\Release\link-cvtres.read.1.tlog
C:\Users\User\Documents\GitHub\Geos\Geos\Console\Release\link-cvtres.write.1.tlog
C:\Users\User\Documents\GitHub\Geos\Geos\Console\Release\link-rc.read.1.tlog
C:\Users\User\Documents\GitHub\Geos\Geos\Console\Release\link-rc.write.1.tlog
C:\Users\User\Documents\GitHub\Geos\Geos\Console\Release\link.command.1.tlog
C:\Users\User\Documents\GitHub\Geos\Geos\Console\Release\link.read.1.tlog
C:\Users\User\Documents\GitHub\Geos\Geos\Console\Release\link.write.1.tlog
C:\Users\User\Documents\GitHub\Geos\Geos\Console\Release\metagen.read.1.tlog
C:\Users\User\Documents\GitHub\Geos\Geos\Console\Release\metagen.write.1.tlog
C:\Users\User\Documents\GitHub\Geos\Geos\Console\Release\rc.command.1.tlog
C:\Users\User\Documents\GitHub\Geos\Geos\Console\Release\rc.read.1.tlog
C:\Users\User\Documents\GitHub\Geos\Geos\Console\Release\rc.write.1.tlog
C:\Users\User\Documents\GitHub\Geos\Geos\Console\Release\app.res
C:\Users\User\Documents\GitHub\Geos\Geos\Console\Release\Console.pch
C:\Users\User\Documents\GitHub\Geos\Geos\Console\Release\vc110.pdb
C:\Users\User\Documents\GitHub\Geos\Geos\Console\Release\TZRES.DLL.bi
C:\Users\User\Documents\GitHub\Geos\Geos\Release\Console.pdb
C:\Users\User\Documents\GitHub\Geos\Geos\Release\Console.exe
