C:\USERS\USER\DOCUMENTS\GITHUB\GEOS\GEOS\GEOS\DEBUG\GEOS.PCH
C:\USERS\USER\DOCUMENTS\GITHUB\GEOS\GEOS\GEOS\DEBUG\STDAFX.OBJ
C:\USERS\USER\DOCUMENTS\GITHUB\GEOS\GEOS\GEOS\DEBUG\VC110.PDB
C:\USERS\USER\DOCUMENTS\GITHUB\GEOS\GEOS\GEOS\DEBUG\GEOS.OBJ
C:\USERS\USER\DOCUMENTS\GITHUB\GEOS\GEOS\GEOS\DEBUG\ASSEMBLYINFO.OBJ
C:\USERS\USER\DOCUMENTS\GITHUB\GEOS\GEOS\GEOS\DEBUG\.NETFRAMEWORK,VERSION=V4.5.ASSEMBLYATTRIBUTES.OBJ
C:\USERS\USER\DOCUMENTS\GITHUB\GEOS\GEOS\GEOS\DEBUG\IMAGEHANDLER.OBJ
C:\USERS\USER\DOCUMENTS\GITHUB\GEOS\GEOS\DEBUG\GEOS.ILK
C:\USERS\USER\DOCUMENTS\GITHUB\GEOS\GEOS\DEBUG\GEOS.DLL
C:\USERS\USER\DOCUMENTS\GITHUB\GEOS\GEOS\DEBUG\GEOS.PDB
C:\USERS\USER\DOCUMENTS\GITHUB\GEOS\GEOS\GEOS\DEBUG\APP.RES
C:\Users\User\Documents\GitHub\Geos\Geos\Geos\Debug\Geos.vcxprojResolveAssemblyReference.cache
C:\Users\User\Documents\GitHub\Geos\Geos\Geos\Debug\.NETFramework,Version=v4.5.AssemblyAttributes.obj
C:\Users\User\Documents\GitHub\Geos\Geos\Geos\Debug\AssemblyInfo.obj
C:\Users\User\Documents\GitHub\Geos\Geos\Geos\Debug\Geos.obj
C:\Users\User\Documents\GitHub\Geos\Geos\Geos\Debug\ImageHandler.obj
C:\Users\User\Documents\GitHub\Geos\Geos\Geos\Debug\Stdafx.obj
C:\Users\User\Documents\GitHub\Geos\Geos\Geos\Debug\cl.command.1.tlog
C:\Users\User\Documents\GitHub\Geos\Geos\Geos\Debug\CL.read.1.tlog
C:\Users\User\Documents\GitHub\Geos\Geos\Geos\Debug\CL.write.1.tlog
C:\Users\User\Documents\GitHub\Geos\Geos\Geos\Debug\link.11284-cvtres.read.1.tlog
C:\Users\User\Documents\GitHub\Geos\Geos\Geos\Debug\link.11284-cvtres.write.1.tlog
C:\Users\User\Documents\GitHub\Geos\Geos\Geos\Debug\link.11284-rc.read.1.tlog
C:\Users\User\Documents\GitHub\Geos\Geos\Geos\Debug\link.11284-rc.write.1.tlog
C:\Users\User\Documents\GitHub\Geos\Geos\Geos\Debug\link.11284.read.1.tlog
C:\Users\User\Documents\GitHub\Geos\Geos\Geos\Debug\link.11284.write.1.tlog
C:\Users\User\Documents\GitHub\Geos\Geos\Geos\Debug\link.12208-cvtres.read.1.tlog
C:\Users\User\Documents\GitHub\Geos\Geos\Geos\Debug\link.12208-cvtres.write.1.tlog
C:\Users\User\Documents\GitHub\Geos\Geos\Geos\Debug\link.12208-rc.read.1.tlog
C:\Users\User\Documents\GitHub\Geos\Geos\Geos\Debug\link.12208-rc.write.1.tlog
C:\Users\User\Documents\GitHub\Geos\Geos\Geos\Debug\link.12208.read.1.tlog
C:\Users\User\Documents\GitHub\Geos\Geos\Geos\Debug\link.12208.write.1.tlog
C:\Users\User\Documents\GitHub\Geos\Geos\Geos\Debug\link.16240-cvtres.read.1.tlog
C:\Users\User\Documents\GitHub\Geos\Geos\Geos\Debug\link.16240-cvtres.write.1.tlog
C:\Users\User\Documents\GitHub\Geos\Geos\Geos\Debug\link.16240-rc.read.1.tlog
C:\Users\User\Documents\GitHub\Geos\Geos\Geos\Debug\link.16240-rc.write.1.tlog
C:\Users\User\Documents\GitHub\Geos\Geos\Geos\Debug\link.16240.read.1.tlog
C:\Users\User\Documents\GitHub\Geos\Geos\Geos\Debug\link.16240.write.1.tlog
C:\Users\User\Documents\GitHub\Geos\Geos\Geos\Debug\link.17700-cvtres.read.1.tlog
C:\Users\User\Documents\GitHub\Geos\Geos\Geos\Debug\link.17700-cvtres.write.1.tlog
C:\Users\User\Documents\GitHub\Geos\Geos\Geos\Debug\link.17700-rc.read.1.tlog
C:\Users\User\Documents\GitHub\Geos\Geos\Geos\Debug\link.17700-rc.write.1.tlog
C:\Users\User\Documents\GitHub\Geos\Geos\Geos\Debug\link.17700.read.1.tlog
C:\Users\User\Documents\GitHub\Geos\Geos\Geos\Debug\link.17700.write.1.tlog
C:\Users\User\Documents\GitHub\Geos\Geos\Geos\Debug\link.18272-cvtres.read.1.tlog
C:\Users\User\Documents\GitHub\Geos\Geos\Geos\Debug\link.18272-cvtres.write.1.tlog
C:\Users\User\Documents\GitHub\Geos\Geos\Geos\Debug\link.18272-rc.read.1.tlog
C:\Users\User\Documents\GitHub\Geos\Geos\Geos\Debug\link.18272-rc.write.1.tlog
C:\Users\User\Documents\GitHub\Geos\Geos\Geos\Debug\link.18272.read.1.tlog
C:\Users\User\Documents\GitHub\Geos\Geos\Geos\Debug\link.18272.write.1.tlog
C:\Users\User\Documents\GitHub\Geos\Geos\Geos\Debug\link.2468-cvtres.read.1.tlog
C:\Users\User\Documents\GitHub\Geos\Geos\Geos\Debug\link.2468-cvtres.write.1.tlog
C:\Users\User\Documents\GitHub\Geos\Geos\Geos\Debug\link.2468-rc.read.1.tlog
C:\Users\User\Documents\GitHub\Geos\Geos\Geos\Debug\link.2468-rc.write.1.tlog
C:\Users\User\Documents\GitHub\Geos\Geos\Geos\Debug\link.2468.read.1.tlog
C:\Users\User\Documents\GitHub\Geos\Geos\Geos\Debug\link.2468.write.1.tlog
C:\Users\User\Documents\GitHub\Geos\Geos\Geos\Debug\link.6952-cvtres.read.1.tlog
C:\Users\User\Documents\GitHub\Geos\Geos\Geos\Debug\link.6952-cvtres.write.1.tlog
C:\Users\User\Documents\GitHub\Geos\Geos\Geos\Debug\link.6952-rc.read.1.tlog
C:\Users\User\Documents\GitHub\Geos\Geos\Geos\Debug\link.6952-rc.write.1.tlog
C:\Users\User\Documents\GitHub\Geos\Geos\Geos\Debug\link.6952.read.1.tlog
C:\Users\User\Documents\GitHub\Geos\Geos\Geos\Debug\link.6952.write.1.tlog
C:\Users\User\Documents\GitHub\Geos\Geos\Geos\Debug\link.command.1.tlog
C:\Users\User\Documents\GitHub\Geos\Geos\Geos\Debug\link.read.1.tlog
C:\Users\User\Documents\GitHub\Geos\Geos\Geos\Debug\link.write.1.tlog
C:\Users\User\Documents\GitHub\Geos\Geos\Geos\Debug\metagen.read.1.tlog
C:\Users\User\Documents\GitHub\Geos\Geos\Geos\Debug\metagen.write.1.tlog
C:\Users\User\Documents\GitHub\Geos\Geos\Geos\Debug\rc.command.1.tlog
C:\Users\User\Documents\GitHub\Geos\Geos\Geos\Debug\rc.read.1.tlog
C:\Users\User\Documents\GitHub\Geos\Geos\Geos\Debug\rc.write.1.tlog
C:\Users\User\Documents\GitHub\Geos\Geos\Geos\Debug\app.res
C:\Users\User\Documents\GitHub\Geos\Geos\Geos\Debug\Geos.pch
C:\Users\User\Documents\GitHub\Geos\Geos\Geos\Debug\vc110.pdb
C:\Users\User\Documents\GitHub\Geos\Geos\Geos\Debug\TZRES.DLL.bi
C:\Users\User\Documents\GitHub\Geos\Geos\Debug\Geos.pdb
C:\Users\User\Documents\GitHub\Geos\Geos\Debug\Geos.dll
C:\Users\User\Documents\GitHub\Geos\Geos\Debug\Geos.ilk
