C:\USERS\USER\DOCUMENTS\GITHUB\GEOS\GEOS\GEOS\RELEASE\GEOS.PCH
C:\USERS\USER\DOCUMENTS\GITHUB\GEOS\GEOS\GEOS\RELEASE\STDAFX.OBJ
C:\USERS\USER\DOCUMENTS\GITHUB\GEOS\GEOS\GEOS\RELEASE\VC110.PDB
C:\USERS\USER\DOCUMENTS\GITHUB\GEOS\GEOS\GEOS\RELEASE\IMAGEHANDLER.OBJ
C:\USERS\USER\DOCUMENTS\GITHUB\GEOS\GEOS\GEOS\RELEASE\GEOS.OBJ
C:\USERS\USER\DOCUMENTS\GITHUB\GEOS\GEOS\GEOS\RELEASE\ASSEMBLYINFO.OBJ
C:\USERS\USER\DOCUMENTS\GITHUB\GEOS\GEOS\GEOS\RELEASE\.NETFRAMEWORK,VERSION=V4.5.ASSEMBLYATTRIBUTES.OBJ
C:\USERS\USER\DOCUMENTS\GITHUB\GEOS\GEOS\RELEASE\GEOS.DLL
C:\USERS\USER\DOCUMENTS\GITHUB\GEOS\GEOS\RELEASE\GEOS.PDB
C:\USERS\USER\DOCUMENTS\GITHUB\GEOS\GEOS\GEOS\RELEASE\APP.RES
C:\Users\User\Documents\GitHub\Geos\Geos\Geos\Release\.NETFramework,Version=v4.5.AssemblyAttributes.obj
C:\Users\User\Documents\GitHub\Geos\Geos\Geos\Release\AssemblyInfo.obj
C:\Users\User\Documents\GitHub\Geos\Geos\Geos\Release\Geos.obj
C:\Users\User\Documents\GitHub\Geos\Geos\Geos\Release\ImageHandler.obj
C:\Users\User\Documents\GitHub\Geos\Geos\Geos\Release\Stdafx.obj
C:\Users\User\Documents\GitHub\Geos\Geos\Geos\Release\cl.command.1.tlog
C:\Users\User\Documents\GitHub\Geos\Geos\Geos\Release\CL.read.1.tlog
C:\Users\User\Documents\GitHub\Geos\Geos\Geos\Release\CL.write.1.tlog
C:\Users\User\Documents\GitHub\Geos\Geos\Geos\Release\link-cvtres.read.1.tlog
C:\Users\User\Documents\GitHub\Geos\Geos\Geos\Release\link-cvtres.write.1.tlog
C:\Users\User\Documents\GitHub\Geos\Geos\Geos\Release\link-rc.read.1.tlog
C:\Users\User\Documents\GitHub\Geos\Geos\Geos\Release\link-rc.write.1.tlog
C:\Users\User\Documents\GitHub\Geos\Geos\Geos\Release\link.command.1.tlog
C:\Users\User\Documents\GitHub\Geos\Geos\Geos\Release\link.read.1.tlog
C:\Users\User\Documents\GitHub\Geos\Geos\Geos\Release\link.write.1.tlog
C:\Users\User\Documents\GitHub\Geos\Geos\Geos\Release\metagen.read.1.tlog
C:\Users\User\Documents\GitHub\Geos\Geos\Geos\Release\metagen.write.1.tlog
C:\Users\User\Documents\GitHub\Geos\Geos\Geos\Release\rc.command.1.tlog
C:\Users\User\Documents\GitHub\Geos\Geos\Geos\Release\rc.read.1.tlog
C:\Users\User\Documents\GitHub\Geos\Geos\Geos\Release\rc.write.1.tlog
C:\Users\User\Documents\GitHub\Geos\Geos\Geos\Release\app.res
C:\Users\User\Documents\GitHub\Geos\Geos\Geos\Release\Geos.pch
C:\Users\User\Documents\GitHub\Geos\Geos\Geos\Release\vc110.pdb
C:\Users\User\Documents\GitHub\Geos\Geos\Geos\Release\TZRES.DLL.bi
C:\Users\User\Documents\GitHub\Geos\Geos\Release\Geos.pdb
C:\Users\User\Documents\GitHub\Geos\Geos\Release\Geos.dll
